<?xml version="1.0" encoding="UTF-8"?>
<testsuite name="ConvertTest" tests="1" skipped="0" failures="0" errors="0" timestamp="2021-03-11T06:24:20" hostname="DESKTOP-C48MTTM" time="0.086">
  <properties/>
  <testcase name="ConvertLength()" classname="ConvertTest" time="0.086"/>
  <system-out><![CDATA[]]></system-out>
  <system-err><![CDATA[]]></system-err>
</testsuite>
